#
# There is insufficient memory for the Java Runtime Environment to continue.
# Native memory allocation (mmap) failed to map 134217728 bytes. Error detail: G1 virtual space
# Possible reasons:
#   The system is out of physical RAM or swap space
#   This process is running with CompressedOops enabled, and the Java Heap may be blocking the growth of the native heap
# Possible solutions:
#   Reduce memory load on the system
#   Increase physical memory or swap space
#   Check if swap backing store is full
#   Decrease Java heap size (-Xmx/-Xms)
#   Decrease number of Java threads
#   Decrease Java thread stack sizes (-Xss)
#   Set larger code cache with -XX:ReservedCodeCacheSize=
#   JVM is running with Unscaled Compressed Oops mode in which the Java heap is
#     placed in the first 4GB address space. The Java Heap base address is the
#     maximum limit for the native heap growth. Please use -XX:HeapBaseMinAddress
#     to set the Java Heap base and to place the Java Heap above 4GB virtual address.
# This output file may be truncated or incomplete.
#
#  Out of Memory Error (os_windows.cpp:3815), pid=15336, tid=4124
#
# JRE version:  (21.0.3+13) (build )
# Java VM: OpenJDK 64-Bit Server VM (21.0.3+13-b509.11, mixed mode, sharing, tiered, compressed oops, compressed class ptrs, g1 gc, windows-amd64)
# No core dump will be written. Minidumps are not enabled by default on client versions of Windows
#

---------------  S U M M A R Y ------------

Command Line: -Djava.rmi.server.hostname=127.0.0.1 -Duser.timezone=UTC -Xmx2048m -Xms128m -Djdbc.classpath=D:\InteliJ\plugins\DatabaseTools\lib\jdbc-console.jar;C:\Users\Admin\AppData\Roaming\JetBrains\IntelliJIdea2024.2\jdbc-drivers\MySQL ConnectorJ\9.5.0\com\mysql\mysql-connector-j\9.5.0\mysql-connector-j-9.5.0.jar;C:\Users\Admin\AppData\Roaming\JetBrains\IntelliJIdea2024.2\jdbc-drivers\MySQL ConnectorJ\9.5.0\com\google\protobuf\protobuf-java\4.31.1\protobuf-java-4.31.1.jar --add-exports=java.desktop/sun.awt=ALL-UNNAMED --add-exports=java.desktop/java.awt.peer=ALL-UNNAMED --add-opens=java.desktop/java.awt=ALL-UNNAMED --add-opens=jdk.unsupported/sun.misc=ALL-UNNAMED --add-opens=java.base/java.nio=ALL-UNNAMED --add-opens=java.base/java.util=ALL-UNNAMED -Dfile.encoding=UTF-8 -Dsun.stdout.encoding=UTF-8 -Dsun.stderr.encoding=UTF-8 com.intellij.database.remote.RemoteJdbcServer com.mysql.cj.jdbc.Driver

Host: AMD Ryzen 3 7320U with Radeon Graphics         , 8 cores, 7G,  Windows 11 , 64 bit Build 22621 (10.0.22621.3958)
Time: Sat May  9 11:14:17 2026  Windows 11 , 64 bit Build 22621 (10.0.22621.3958) elapsed time: 0.015432 seconds (0d 0h 0m 0s)

---------------  T H R E A D  ---------------

Current thread (0x000001826a080500):  JavaThread "Unknown thread" [_thread_in_vm, id=4124, stack(0x000000480c900000,0x000000480ca00000) (1024K)]

Stack: [0x000000480c900000,0x000000480ca00000]
Native frames: (J=compiled Java code, j=interpreted, Vv=VM code, C=native code)
V  [jvm.dll+0x6e02f9]
V  [jvm.dll+0x8bd383]
V  [jvm.dll+0x8bf8de]
V  [jvm.dll+0x8bffc3]
V  [jvm.dll+0x2879c6]
V  [jvm.dll+0x6dcac5]
V  [jvm.dll+0x6d0f9a]
V  [jvm.dll+0x35f9bb]
V  [jvm.dll+0x367566]
V  [jvm.dll+0x3b8b56]
V  [jvm.dll+0x3b8e28]
V  [jvm.dll+0x33217c]
V  [jvm.dll+0x332e6b]
V  [jvm.dll+0x8845e9]
V  [jvm.dll+0x3c5f38]
V  [jvm.dll+0x86d80d]
V  [jvm.dll+0x45ab9e]
V  [jvm.dll+0x45c771]
C  [jli.dll+0x52ab]
C  [ucrtbase.dll+0x29333]
C  [KERNEL32.DLL+0x1257d]
C  [ntdll.dll+0x5af08]


---------------  P R O C E S S  ---------------

Threads class SMR info:
_java_thread_list=0x00007ffdda2ad108, length=0, elements={
}

Java Threads: ( => current thread )
Total: 0

Other Threads:
  0x000001826c2d6c10 WorkerThread "GC Thread#0"                     [id=16952, stack(0x000000480ca00000,0x000000480cb00000) (1024K)]
  0x000001826c2e9640 ConcurrentGCThread "G1 Main Marker"            [id=16016, stack(0x000000480cb00000,0x000000480cc00000) (1024K)]
  0x000001826c2ea140 WorkerThread "G1 Conc#0"                       [id=15376, stack(0x000000480cc00000,0x000000480cd00000) (1024K)]

[error occurred during error reporting (printing all threads), id 0xc0000005, EXCEPTION_ACCESS_VIOLATION (0xc0000005) at pc=0x00007ffdd99a52d7]
VM state: not at safepoint (not fully initialized)

VM Mutex/Monitor currently owned by a thread:  ([mutex/lock_event])
[0x00007ffdda321858] Heap_lock - owner thread: 0x000001826a080500

Heap address: 0x0000000080000000, size: 2048 MB, Compressed Oops mode: 32-bit

CDS archive(s) mapped at: [0x0000000000000000-0x0000000000000000-0x0000000000000000), size 0, SharedBaseAddress: 0x0000000800000000, ArchiveRelocationMode: 1.
Narrow klass base: 0x0000000000000000, Narrow klass shift: 0, Narrow klass range: 0x0

GC Precious Log:
 CardTable entry size: 512
 Card Set container configuration: InlinePtr #cards 5 size 8 Array Of Cards #cards 12 size 40 Howl #buckets 4 coarsen threshold 1843 Howl Bitmap #cards 512 size 80 coarsen threshold 460 Card regions per heap region 1 cards per card region 2048

Heap:
 garbage-first heap   total 0K, used 0K [0x0000000080000000, 0x0000000100000000)
  region size 1024K, 0 young (0K), 0 survivors (0K)
 Metaspace       used 0K, committed 0K, reserved 0K
  class space    used 0K, committed 0K, reserved 0K

Heap Regions: E=young(eden), S=young(survivor), O=old, HS=humongous(starts), HC=humongous(continues), CS=collection set, F=free, TAMS=top-at-mark-start, PB=parsable bottom

Card table byte_map: [0x000001827f8c0000,0x000001827fcc0000] _byte_map_base: 0x000001827f4c0000

Marking Bits: (CMBitMap*) 0x000001826c2d7310
 Bits: [0x0000018200000000, 0x0000018202000000)

GC Heap History (0 events):
No events

Dll operation events (1 events):
Event: 0.008 Loaded shared library D:\InteliJ\jbr\bin\java.dll

Deoptimization events (0 events):
No events

Classes loaded (0 events):
No events

Classes unloaded (0 events):
No events

Classes redefined (0 events):
No events

Internal exceptions (0 events):
No events

ZGC Phase Switch (0 events):
No events

VM Operations (0 events):
No events

Events (0 events):
No events


Dynamic libraries:
0x00007ff6c6720000 - 0x00007ff6c672a000 	D:\InteliJ\jbr\bin\java.exe
0x00007ffe44090000 - 0x00007ffe442a7000 	C:\Windows\SYSTEM32\ntdll.dll
0x00007ffe116f0000 - 0x00007ffe11711000 	C:\Program Files\AVG\Antivirus\aswhook.dll
0x00007ffe428e0000 - 0x00007ffe429a4000 	C:\Windows\System32\KERNEL32.DLL
0x00007ffe41870000 - 0x00007ffe41c27000 	C:\Windows\System32\KERNELBASE.dll
0x00007ffe41c30000 - 0x00007ffe41d41000 	C:\Windows\System32\ucrtbase.dll
0x00007ffe09890000 - 0x00007ffe098ab000 	D:\InteliJ\jbr\bin\VCRUNTIME140.dll
0x00007ffde5ba0000 - 0x00007ffde5bb8000 	D:\InteliJ\jbr\bin\jli.dll
0x00007ffe423a0000 - 0x00007ffe4254f000 	C:\Windows\System32\USER32.dll
0x00007ffe26d00000 - 0x00007ffe26f93000 	C:\Windows\WinSxS\amd64_microsoft.windows.common-controls_6595b64144ccf1df_6.0.22621.3672_none_2713b9d173822955\COMCTL32.dll
0x00007ffe414e0000 - 0x00007ffe41506000 	C:\Windows\System32\win32u.dll
0x00007ffe43c10000 - 0x00007ffe43cb7000 	C:\Windows\System32\msvcrt.dll
0x00007ffe43bc0000 - 0x00007ffe43be9000 	C:\Windows\System32\GDI32.dll
0x00007ffe41680000 - 0x00007ffe41798000 	C:\Windows\System32\gdi32full.dll
0x00007ffe417a0000 - 0x00007ffe4183a000 	C:\Windows\System32\msvcp_win.dll
0x00007ffe426b0000 - 0x00007ffe426e1000 	C:\Windows\System32\IMM32.DLL
0x00007ffe26460000 - 0x00007ffe2646c000 	D:\InteliJ\jbr\bin\vcruntime140_1.dll
0x00007ffde4a30000 - 0x00007ffde4abd000 	D:\InteliJ\jbr\bin\msvcp140.dll
0x00007ffdd9660000 - 0x00007ffdda412000 	D:\InteliJ\jbr\bin\server\jvm.dll
0x00007ffe438c0000 - 0x00007ffe43972000 	C:\Windows\System32\ADVAPI32.dll
0x00007ffe41f40000 - 0x00007ffe41fe8000 	C:\Windows\System32\sechost.dll
0x00007ffe41840000 - 0x00007ffe41868000 	C:\Windows\System32\bcrypt.dll
0x00007ffe429b0000 - 0x00007ffe42ac4000 	C:\Windows\System32\RPCRT4.dll
0x00007ffe41ec0000 - 0x00007ffe41f31000 	C:\Windows\System32\WS2_32.dll
0x00007ffe411c0000 - 0x00007ffe4120d000 	C:\Windows\SYSTEM32\POWRPROF.dll
0x00007ffe3ce90000 - 0x00007ffe3cec4000 	C:\Windows\SYSTEM32\WINMM.dll
0x00007ffe39090000 - 0x00007ffe3909a000 	C:\Windows\SYSTEM32\VERSION.dll
0x00007ffe410a0000 - 0x00007ffe410b3000 	C:\Windows\SYSTEM32\UMPDC.dll
0x00007ffe403b0000 - 0x00007ffe403c8000 	C:\Windows\SYSTEM32\kernel.appcore.dll
0x00007ffe23920000 - 0x00007ffe2392a000 	D:\InteliJ\jbr\bin\jimage.dll
0x00007ffe39bd0000 - 0x00007ffe39e02000 	C:\Windows\SYSTEM32\DBGHELP.DLL
0x00007ffe43cc0000 - 0x00007ffe4404e000 	C:\Windows\System32\combase.dll
0x00007ffe42700000 - 0x00007ffe427d7000 	C:\Windows\System32\OLEAUT32.dll
0x00007ffe38f50000 - 0x00007ffe38f82000 	C:\Windows\SYSTEM32\dbgcore.DLL
0x00007ffe413a0000 - 0x00007ffe4141b000 	C:\Windows\System32\bcryptPrimitives.dll
0x00007ffe097e0000 - 0x00007ffe097ff000 	D:\InteliJ\jbr\bin\java.dll

dbghelp: loaded successfully - version: 4.0.5 - missing functions: none
symbol engine: initialized successfully - sym options: 0x614 - pdb path: .;D:\InteliJ\jbr\bin;C:\Windows\SYSTEM32;C:\Program Files\AVG\Antivirus;C:\Windows\WinSxS\amd64_microsoft.windows.common-controls_6595b64144ccf1df_6.0.22621.3672_none_2713b9d173822955;D:\InteliJ\jbr\bin\server

VM Arguments:
jvm_args: -Djava.rmi.server.hostname=127.0.0.1 -Duser.timezone=UTC -Xmx2048m -Xms128m -Djdbc.classpath=D:\InteliJ\plugins\DatabaseTools\lib\jdbc-console.jar;C:\Users\Admin\AppData\Roaming\JetBrains\IntelliJIdea2024.2\jdbc-drivers\MySQL ConnectorJ\9.5.0\com\mysql\mysql-connector-j\9.5.0\mysql-connector-j-9.5.0.jar;C:\Users\Admin\AppData\Roaming\JetBrains\IntelliJIdea2024.2\jdbc-drivers\MySQL ConnectorJ\9.5.0\com\google\protobuf\protobuf-java\4.31.1\protobuf-java-4.31.1.jar --add-exports=java.desktop/sun.awt=ALL-UNNAMED --add-exports=java.desktop/java.awt.peer=ALL-UNNAMED --add-opens=java.desktop/java.awt=ALL-UNNAMED --add-opens=jdk.unsupported/sun.misc=ALL-UNNAMED --add-opens=java.base/java.nio=ALL-UNNAMED --add-opens=java.base/java.util=ALL-UNNAMED -Dfile.encoding=UTF-8 -Dsun.stdout.encoding=UTF-8 -Dsun.stderr.encoding=UTF-8 
java_command: com.intellij.database.remote.RemoteJdbcServer com.mysql.cj.jdbc.Driver
java_class_path (initial): D:\InteliJ\lib\util_rt.jar;D:\InteliJ\lib\util-8.jar;D:\InteliJ\lib\groovy.jar;D:\InteliJ\plugins\DatabaseTools\lib\jdbc-console.jar;D:\InteliJ\plugins\grid-core-impl\lib\jdbc-console-types.jar;D:\InteliJ\lib\util.jar;D:\InteliJ\lib\bouncy-castle.jar
Launcher Type: SUN_STANDARD

[Global flags]
     intx CICompilerCount                          = 4                                         {product} {ergonomic}
     uint ConcGCThreads                            = 2                                         {product} {ergonomic}
     uint G1ConcRefinementThreads                  = 8                                         {product} {ergonomic}
   size_t G1HeapRegionSize                         = 1048576                                   {product} {ergonomic}
    uintx GCDrainStackTargetSize                   = 64                                        {product} {ergonomic}
   size_t InitialHeapSize                          = 134217728                                 {product} {command line}
   size_t MarkStackSize                            = 4194304                                   {product} {ergonomic}
   size_t MaxHeapSize                              = 2147483648                                {product} {command line}
   size_t MinHeapDeltaBytes                        = 1048576                                   {product} {ergonomic}
   size_t MinHeapSize                              = 134217728                                 {product} {command line}
    uintx NonNMethodCodeHeapSize                   = 5839372                                {pd product} {ergonomic}
    uintx NonProfiledCodeHeapSize                  = 122909434                              {pd product} {ergonomic}
    uintx ProfiledCodeHeapSize                     = 122909434                              {pd product} {ergonomic}
    uintx ReservedCodeCacheSize                    = 251658240                              {pd product} {ergonomic}
     bool SegmentedCodeCache                       = true                                      {product} {ergonomic}
   size_t SoftMaxHeapSize                          = 2147483648                             {manageable} {ergonomic}
     bool UseCompressedOops                        = true                           {product lp64_product} {ergonomic}
     bool UseG1GC                                  = true                                      {product} {ergonomic}
     bool UseLargePagesIndividualAllocation        = false                                  {pd product} {ergonomic}

Logging:
Log output configuration:
 #0: stdout all=warning uptime,level,tags foldmultilines=false
 #1: stderr all=off uptime,level,tags foldmultilines=false

Environment Variables:
JAVA_HOME=D:\openjdk-22.0.2_windows-x64_bin\jdk-22.0.2
PATH=D:\programs2\bin\;C:\Windows\system32;C:\Windows;C:\Windows\System32\Wbem;C:\Windows\System32\WindowsPowerShell\v1.0\;C:\Windows\System32\OpenSSH\;C:\Program Files\dotnet\;D:\openjdk-22.0.2_windows-x64_bin\jdk-22.0.2\bin;C:\Program Files (x86)\Windows Kits\10\Windows Performance Toolkit\;C:\Program Files\Git\cmd;C:\Users\Admin\AppData\Local\Programs\Python\Python39\Scripts\;C:\Users\Admin\AppData\Local\Programs\Python\Python39\;C:\Program Files\MySQL\MySQL Shell 8.0\bin\;C:\Users\Admin\AppData\Local\Microsoft\WindowsApps;D:\InteliJ\bin;;D:\Microsoft VS Code\bin;C:\Users\Admin\.dotnet\tools;D:\node\;
USERNAME=Admin
OS=Windows_NT
PROCESSOR_IDENTIFIER=AMD64 Family 23 Model 160 Stepping 0, AuthenticAMD
TMP=C:\Users\Admin\AppData\Local\Temp
TEMP=C:\Users\Admin\AppData\Local\Temp




Periodic native trim disabled

JNI global refs:
JNI global refs: 0, weak refs: 0

JNI global refs memory usage: 0, weak refs: 0

Process memory usage:
Resident Set Size: 11960K (0% of 7591164K total physical memory with 210316K free physical memory)

OOME stack traces (most recent first):
Classloader memory used:

---------------  S Y S T E M  ---------------

OS:
 Windows 11 , 64 bit Build 22621 (10.0.22621.3958)
OS uptime: 0 days 21:23 hours
Hyper-V role detected

CPU: total 8 (initial active 8) (8 cores per cpu, 2 threads per core) family 23 model 160 stepping 0 microcode 0x0, cx8, cmov, fxsr, ht, mmx, 3dnowpref, sse, sse2, sse3, ssse3, sse4a, sse4.1, sse4.2, popcnt, lzcnt, tsc, tscinvbit, avx, avx2, aes, clmul, bmi1, bmi2, adx, sha, fma, vzeroupper, clflush, clflushopt, hv, rdtscp, rdpid, f16c
Processor Information for all 8 processors :
  Max Mhz: 2401, Current Mhz: 2401, Mhz Limit: 2401

Memory: 4k page, system-wide physical 7413M (205M free)
TotalPageFile size 13978M (AvailPageFile size 50M)
current process WorkingSet (physical memory assigned to process): 11M, peak: 11M
current process commit charge ("private bytes"): 60M, peak: 188M

vm_info: OpenJDK 64-Bit Server VM (21.0.3+13-b509.11) for windows-amd64 JRE (21.0.3+13-b509.11), built on 2024-08-12 by "builduser" with MS VC++ 16.10 / 16.11 (VS2019)

END.
